Sun Sep 11 10:16:03 2022 [ERROR]: ApplicationFrameTitleBarWindow
Sun Sep 11 10:16:03 2022 [ERROR]: ApplicationFrameTitleBarWindow
Sun Sep 11 10:16:03 2022 [ERROR]: ApplicationFrameInputSinkWindow
Sun Sep 11 10:16:05 2022 [ERROR]: ApplicationFrameTitleBarWindow
Sun Sep 11 10:16:05 2022 [ERROR]: ApplicationFrameTitleBarWindow
Sun Sep 11 10:16:05 2022 [ERROR]: ApplicationFrameInputSinkWindow
Sun Sep 11 10:16:05 2022 [ERROR]: redrawwwwwwwwwwwww
Sun Sep 11 10:16:05 2022 [ERROR]: ApplicationFrameTitleBarWindow
Sun Sep 11 10:16:05 2022 [ERROR]: ApplicationFrameTitleBarWindow
Sun Sep 11 10:16:05 2022 [ERROR]: ApplicationFrameInputSinkWindow
Sun Sep 11 10:16:09 2022 [ERROR]: redrawwwwwwwwwwwww
Sun Sep 11 10:16:17 2022 [ERROR]: ApplicationFrameTitleBarWindow
Sun Sep 11 10:16:17 2022 [ERROR]: Windows.UI.Core.CoreWindow
Sun Sep 11 10:16:17 2022 [ERROR]: ApplicationFrameTitleBarWindow
Sun Sep 11 10:16:17 2022 [ERROR]: ApplicationFrameInputSinkWindow
Sun Sep 11 10:16:17 2022 [ERROR]: Test log
Sun Sep 11 10:16:17 2022 [ERROR]: ApplicationFrameTitleBarWindow
Sun Sep 11 10:16:17 2022 [ERROR]: ApplicationFrameTitleBarWindow
Sun Sep 11 10:16:17 2022 [ERROR]: ApplicationFrameInputSinkWindow
Sun Sep 11 10:16:18 2022 [ERROR]: redrawwwwwwwwwwwww
Sun Sep 11 10:16:25 2022 [ERROR]: redrawwwwwwwwwwwww
Sun Sep 11 10:17:48 2022 [ERROR]: ApplicationFrameTitleBarWindow
Sun Sep 11 10:17:48 2022 [ERROR]: ApplicationFrameTitleBarWindow
Sun Sep 11 10:17:48 2022 [ERROR]: ApplicationFrameInputSinkWindow
Sun Sep 11 10:17:48 2022 [ERROR]: redrawwwwwwwwwwwww
Sun Sep 11 10:17:48 2022 [ERROR]: ApplicationFrameTitleBarWindow
Sun Sep 11 10:17:48 2022 [ERROR]: ApplicationFrameTitleBarWindow
Sun Sep 11 10:17:48 2022 [ERROR]: ApplicationFrameInputSinkWindow
Sun Sep 11 10:18:57 2022 [ERROR]: redrawwwwwwwwwwwww
Sun Sep 11 10:20:14 2022 [ERROR]: redrawwwwwwwwwwwww
Sun Sep 11 10:22:31 2022 [ERROR]: ApplicationFrameTitleBarWindow
Sun Sep 11 10:22:31 2022 [ERROR]: ApplicationFrameTitleBarWindow
Sun Sep 11 10:22:31 2022 [ERROR]: ApplicationFrameInputSinkWindow
Sun Sep 11 10:22:31 2022 [ERROR]: ApplicationFrameTitleBarWindow
Sun Sep 11 10:22:31 2022 [ERROR]: Windows.UI.Core.CoreWindow
Sun Sep 11 10:22:31 2022 [ERROR]: ApplicationFrameTitleBarWindow
Sun Sep 11 10:22:31 2022 [ERROR]: ApplicationFrameInputSinkWindow
Sun Sep 11 10:22:31 2022 [ERROR]: Test log
Sun Sep 11 10:22:31 2022 [ERROR]: ApplicationFrameTitleBarWindow
Sun Sep 11 10:22:31 2022 [ERROR]: ApplicationFrameTitleBarWindow
Sun Sep 11 10:22:31 2022 [ERROR]: ApplicationFrameInputSinkWindow
Sun Sep 11 10:22:37 2022 [ERROR]: redrawwwwwwwwwwwww
Sun Sep 11 11:02:45 2022 [ERROR]: redrawwwwwwwwwwwww
Sun Sep 11 11:04:41 2022 [ERROR]: redrawwwwwwwwwwwww
Sun Sep 11 11:04:41 2022 [ERROR]: redrawwwwwwwwwwwww
Sun Sep 11 11:04:42 2022 [ERROR]: redrawwwwwwwwwwwww
Sun Sep 11 11:04:42 2022 [ERROR]: redrawwwwwwwwwwwww
Sun Sep 11 11:04:43 2022 [ERROR]: redrawwwwwwwwwwwww
Sun Sep 11 11:33:40 2022 [ERROR]: redrawwwwwwwwwwwww
Sun Sep 11 11:33:40 2022 [ERROR]: redrawwwwwwwwwwwww
Sun Sep 11 11:33:40 2022 [ERROR]: redrawwwwwwwwwwwww
Sun Sep 11 11:33:40 2022 [ERROR]: redrawwwwwwwwwwwww
Sun Sep 11 11:33:40 2022 [ERROR]: redrawwwwwwwwwwwww
Sun Sep 11 11:33:40 2022 [ERROR]: redrawwwwwwwwwwwww
Sun Sep 11 11:33:43 2022 [ERROR]: redrawwwwwwwwwwwww
Sun Sep 11 11:33:43 2022 [ERROR]: redrawwwwwwwwwwwww
Sun Sep 11 11:33:43 2022 [ERROR]: redrawwwwwwwwwwwww
